

Started GET "/companies/603" for ::1 at 2015-10-12 01:55:00 -0500
  [1m[36mActiveRecord::SchemaMigration Load (0.5ms)[0m  [1mSELECT "schema_migrations".* FROM "schema_migrations"[0m
Processing by CompaniesController#show as HTML
  Parameters: {"id"=>"603"}
  [1m[35mCompany Load (0.6ms)[0m  SELECT  "companies".* FROM "companies" WHERE "companies"."id" = $1 LIMIT 1  [["id", 603]]
Completed 500 Internal Server Error in 233ms (ActiveRecord: 3.5ms)

ActionView::MissingTemplate (Missing template companies/show, application/show with {:locale=>[:en], :formats=>[:html], :variants=>[], :handlers=>[:erb, :builder, :raw, :ruby, :coffee, :jbuilder]}. Searched in:
  * "/Users/SpencerPro/Desktop/dough/dough/app/views"
):
  actionview (4.2.3) lib/action_view/path_set.rb:46:in `find'
  actionview (4.2.3) lib/action_view/lookup_context.rb:121:in `find'
  actionview (4.2.3) lib/action_view/renderer/abstract_renderer.rb:18:in `find_template'
  actionview (4.2.3) lib/action_view/renderer/template_renderer.rb:40:in `determine_template'
  actionview (4.2.3) lib/action_view/renderer/template_renderer.rb:8:in `render'
  actionview (4.2.3) lib/action_view/renderer/renderer.rb:42:in `render_template'
  actionview (4.2.3) lib/action_view/renderer/renderer.rb:23:in `render'
  actionview (4.2.3) lib/action_view/rendering.rb:100:in `_render_template'
  actionpack (4.2.3) lib/action_controller/metal/streaming.rb:217:in `_render_template'
  actionview (4.2.3) lib/action_view/rendering.rb:83:in `render_to_body'
  actionpack (4.2.3) lib/action_controller/metal/rendering.rb:32:in `render_to_body'
  actionpack (4.2.3) lib/action_controller/metal/renderers.rb:37:in `render_to_body'
  actionpack (4.2.3) lib/abstract_controller/rendering.rb:25:in `render'
  actionpack (4.2.3) lib/action_controller/metal/rendering.rb:16:in `render'
  actionpack (4.2.3) lib/action_controller/metal/instrumentation.rb:44:in `block (2 levels) in render'
  activesupport (4.2.3) lib/active_support/core_ext/benchmark.rb:12:in `block in ms'
  /Users/SpencerPro/.rbenv/versions/2.0.0-p645/lib/ruby/2.0.0/benchmark.rb:296:in `realtime'
  activesupport (4.2.3) lib/active_support/core_ext/benchmark.rb:12:in `ms'
  actionpack (4.2.3) lib/action_controller/metal/instrumentation.rb:44:in `block in render'
  actionpack (4.2.3) lib/action_controller/metal/instrumentation.rb:87:in `cleanup_view_runtime'
  activerecord (4.2.3) lib/active_record/railties/controller_runtime.rb:25:in `cleanup_view_runtime'
  actionpack (4.2.3) lib/action_controller/metal/instrumentation.rb:43:in `render'
  actionpack (4.2.3) lib/action_controller/metal/implicit_render.rb:10:in `default_render'
  actionpack (4.2.3) lib/action_controller/metal/implicit_render.rb:5:in `send_action'
  actionpack (4.2.3) lib/abstract_controller/base.rb:198:in `process_action'
  actionpack (4.2.3) lib/action_controller/metal/rendering.rb:10:in `process_action'
  actionpack (4.2.3) lib/abstract_controller/callbacks.rb:20:in `block in process_action'
  activesupport (4.2.3) lib/active_support/callbacks.rb:115:in `call'
  activesupport (4.2.3) lib/active_support/callbacks.rb:115:in `call'
  activesupport (4.2.3) lib/active_support/callbacks.rb:553:in `block (2 levels) in compile'
  activesupport (4.2.3) lib/active_support/callbacks.rb:503:in `call'
  activesupport (4.2.3) lib/active_support/callbacks.rb:503:in `call'
  activesupport (4.2.3) lib/active_support/callbacks.rb:88:in `run_callbacks'
  actionpack (4.2.3) lib/abstract_controller/callbacks.rb:19:in `process_action'
  actionpack (4.2.3) lib/action_controller/metal/rescue.rb:29:in `process_action'
  actionpack (4.2.3) lib/action_controller/metal/instrumentation.rb:32:in `block in process_action'
  activesupport (4.2.3) lib/active_support/notifications.rb:164:in `block in instrument'
  activesupport (4.2.3) lib/active_support/notifications/instrumenter.rb:20:in `instrument'
  activesupport (4.2.3) lib/active_support/notifications.rb:164:in `instrument'
  actionpack (4.2.3) lib/action_controller/metal/instrumentation.rb:30:in `process_action'
  actionpack (4.2.3) lib/action_controller/metal/params_wrapper.rb:250:in `process_action'
  activerecord (4.2.3) lib/active_record/railties/controller_runtime.rb:18:in `process_action'
  actionpack (4.2.3) lib/abstract_controller/base.rb:137:in `process'
  actionview (4.2.3) lib/action_view/rendering.rb:30:in `process'
  actionpack (4.2.3) lib/action_controller/metal.rb:196:in `dispatch'
  actionpack (4.2.3) lib/action_controller/metal/rack_delegation.rb:13:in `dispatch'
  actionpack (4.2.3) lib/action_controller/metal.rb:237:in `block in action'
  actionpack (4.2.3) lib/action_dispatch/routing/route_set.rb:76:in `call'
  actionpack (4.2.3) lib/action_dispatch/routing/route_set.rb:76:in `dispatch'
  actionpack (4.2.3) lib/action_dispatch/routing/route_set.rb:45:in `serve'
  actionpack (4.2.3) lib/action_dispatch/journey/router.rb:43:in `block in serve'
  actionpack (4.2.3) lib/action_dispatch/journey/router.rb:30:in `each'
  actionpack (4.2.3) lib/action_dispatch/journey/router.rb:30:in `serve'
  actionpack (4.2.3) lib/action_dispatch/routing/route_set.rb:821:in `call'
  rack (1.6.4) lib/rack/etag.rb:24:in `call'
  rack (1.6.4) lib/rack/conditionalget.rb:25:in `call'
  rack (1.6.4) lib/rack/head.rb:13:in `call'
  actionpack (4.2.3) lib/action_dispatch/middleware/params_parser.rb:27:in `call'
  actionpack (4.2.3) lib/action_dispatch/middleware/flash.rb:260:in `call'
  rack (1.6.4) lib/rack/session/abstract/id.rb:225:in `context'
  rack (1.6.4) lib/rack/session/abstract/id.rb:220:in `call'
  actionpack (4.2.3) lib/action_dispatch/middleware/cookies.rb:560:in `call'
  activerecord (4.2.3) lib/active_record/query_cache.rb:36:in `call'
  activerecord (4.2.3) lib/active_record/connection_adapters/abstract/connection_pool.rb:653:in `call'
  activerecord (4.2.3) lib/active_record/migration.rb:377:in `call'
  actionpack (4.2.3) lib/action_dispatch/middleware/callbacks.rb:29:in `block in call'
  activesupport (4.2.3) lib/active_support/callbacks.rb:84:in `run_callbacks'
  actionpack (4.2.3) lib/action_dispatch/middleware/callbacks.rb:27:in `call'
  actionpack (4.2.3) lib/action_dispatch/middleware/reloader.rb:73:in `call'
  actionpack (4.2.3) lib/action_dispatch/middleware/remote_ip.rb:78:in `call'
  actionpack (4.2.3) lib/action_dispatch/middleware/debug_exceptions.rb:17:in `call'
  web-console (2.2.1) lib/web_console/middleware.rb:39:in `call'
  actionpack (4.2.3) lib/action_dispatch/middleware/show_exceptions.rb:30:in `call'
  railties (4.2.3) lib/rails/rack/logger.rb:38:in `call_app'
  railties (4.2.3) lib/rails/rack/logger.rb:20:in `block in call'
  activesupport (4.2.3) lib/active_support/tagged_logging.rb:68:in `block in tagged'
  activesupport (4.2.3) lib/active_support/tagged_logging.rb:26:in `tagged'
  activesupport (4.2.3) lib/active_support/tagged_logging.rb:68:in `tagged'
  railties (4.2.3) lib/rails/rack/logger.rb:20:in `call'
  actionpack (4.2.3) lib/action_dispatch/middleware/request_id.rb:21:in `call'
  rack (1.6.4) lib/rack/methodoverride.rb:22:in `call'
  rack (1.6.4) lib/rack/runtime.rb:18:in `call'
  activesupport (4.2.3) lib/active_support/cache/strategy/local_cache_middleware.rb:28:in `call'
  rack (1.6.4) lib/rack/lock.rb:17:in `call'
  actionpack (4.2.3) lib/action_dispatch/middleware/static.rb:116:in `call'
  rack (1.6.4) lib/rack/sendfile.rb:113:in `call'
  railties (4.2.3) lib/rails/engine.rb:518:in `call'
  railties (4.2.3) lib/rails/application.rb:165:in `call'
  rack (1.6.4) lib/rack/lock.rb:17:in `call'
  rack (1.6.4) lib/rack/content_length.rb:15:in `call'
  rack (1.6.4) lib/rack/handler/webrick.rb:88:in `service'
  /Users/SpencerPro/.rbenv/versions/2.0.0-p645/lib/ruby/2.0.0/webrick/httpserver.rb:138:in `service'
  /Users/SpencerPro/.rbenv/versions/2.0.0-p645/lib/ruby/2.0.0/webrick/httpserver.rb:94:in `run'
  /Users/SpencerPro/.rbenv/versions/2.0.0-p645/lib/ruby/2.0.0/webrick/server.rb:295:in `block in start_thread'


  Rendered /Users/SpencerPro/.rbenv/versions/2.0.0-p645/lib/ruby/gems/2.0.0/gems/actionpack-4.2.3/lib/action_dispatch/middleware/templates/rescues/_source.erb (6.5ms)
  Rendered /Users/SpencerPro/.rbenv/versions/2.0.0-p645/lib/ruby/gems/2.0.0/gems/actionpack-4.2.3/lib/action_dispatch/middleware/templates/rescues/_trace.html.erb (2.1ms)
  Rendered /Users/SpencerPro/.rbenv/versions/2.0.0-p645/lib/ruby/gems/2.0.0/gems/actionpack-4.2.3/lib/action_dispatch/middleware/templates/rescues/_request_and_response.html.erb (1.2ms)
  Rendered /Users/SpencerPro/.rbenv/versions/2.0.0-p645/lib/ruby/gems/2.0.0/gems/actionpack-4.2.3/lib/action_dispatch/middleware/templates/rescues/missing_template.html.erb within rescues/layout (65.7ms)
  Rendered /Users/SpencerPro/.rbenv/versions/2.0.0-p645/lib/ruby/gems/2.0.0/gems/web-console-2.2.1/lib/web_console/templates/_markup.html.erb (0.8ms)
  Rendered /Users/SpencerPro/.rbenv/versions/2.0.0-p645/lib/ruby/gems/2.0.0/gems/web-console-2.2.1/lib/web_console/templates/_inner_console_markup.html.erb within layouts/inlined_string (0.4ms)
  Rendered /Users/SpencerPro/.rbenv/versions/2.0.0-p645/lib/ruby/gems/2.0.0/gems/web-console-2.2.1/lib/web_console/templates/_prompt_box_markup.html.erb within layouts/inlined_string (0.3ms)
  Rendered /Users/SpencerPro/.rbenv/versions/2.0.0-p645/lib/ruby/gems/2.0.0/gems/web-console-2.2.1/lib/web_console/templates/style.css.erb within layouts/inlined_string (0.5ms)
  Rendered /Users/SpencerPro/.rbenv/versions/2.0.0-p645/lib/ruby/gems/2.0.0/gems/web-console-2.2.1/lib/web_console/templates/console.js.erb within layouts/javascript (16.3ms)
  Rendered /Users/SpencerPro/.rbenv/versions/2.0.0-p645/lib/ruby/gems/2.0.0/gems/web-console-2.2.1/lib/web_console/templates/main.js.erb within layouts/javascript (0.3ms)
  Rendered /Users/SpencerPro/.rbenv/versions/2.0.0-p645/lib/ruby/gems/2.0.0/gems/web-console-2.2.1/lib/web_console/templates/error_page.js.erb within layouts/javascript (0.4ms)
  Rendered /Users/SpencerPro/.rbenv/versions/2.0.0-p645/lib/ruby/gems/2.0.0/gems/web-console-2.2.1/lib/web_console/templates/index.html.erb (46.5ms)


Started GET "/companies/600" for ::1 at 2015-10-12 01:55:09 -0500
Processing by CompaniesController#show as HTML
  Parameters: {"id"=>"600"}
  [1m[36mCompany Load (0.2ms)[0m  [1mSELECT  "companies".* FROM "companies" WHERE "companies"."id" = $1 LIMIT 1[0m  [["id", 600]]
Completed 500 Internal Server Error in 76ms (ActiveRecord: 0.2ms)

ActionView::MissingTemplate (Missing template companies/show, application/show with {:locale=>[:en], :formats=>[:html, :xml], :variants=>[], :handlers=>[:erb, :builder, :raw, :ruby, :coffee, :jbuilder]}. Searched in:
  * "/Users/SpencerPro/Desktop/dough/dough/app/views"
):
  actionview (4.2.3) lib/action_view/path_set.rb:46:in `find'
  actionview (4.2.3) lib/action_view/lookup_context.rb:121:in `find'
  actionview (4.2.3) lib/action_view/renderer/abstract_renderer.rb:18:in `find_template'
  actionview (4.2.3) lib/action_view/renderer/template_renderer.rb:40:in `determine_template'
  actionview (4.2.3) lib/action_view/renderer/template_renderer.rb:8:in `render'
  actionview (4.2.3) lib/action_view/renderer/renderer.rb:42:in `render_template'
  actionview (4.2.3) lib/action_view/renderer/renderer.rb:23:in `render'
  actionview (4.2.3) lib/action_view/rendering.rb:100:in `_render_template'
  actionpack (4.2.3) lib/action_controller/metal/streaming.rb:217:in `_render_template'
  actionview (4.2.3) lib/action_view/rendering.rb:83:in `render_to_body'
  actionpack (4.2.3) lib/action_controller/metal/rendering.rb:32:in `render_to_body'
  actionpack (4.2.3) lib/action_controller/metal/renderers.rb:37:in `render_to_body'
  actionpack (4.2.3) lib/abstract_controller/rendering.rb:25:in `render'
  actionpack (4.2.3) lib/action_controller/metal/rendering.rb:16:in `render'
  actionpack (4.2.3) lib/action_controller/metal/instrumentation.rb:44:in `block (2 levels) in render'
  activesupport (4.2.3) lib/active_support/core_ext/benchmark.rb:12:in `block in ms'
  /Users/SpencerPro/.rbenv/versions/2.0.0-p645/lib/ruby/2.0.0/benchmark.rb:296:in `realtime'
  activesupport (4.2.3) lib/active_support/core_ext/benchmark.rb:12:in `ms'
  actionpack (4.2.3) lib/action_controller/metal/instrumentation.rb:44:in `block in render'
  actionpack (4.2.3) lib/action_controller/metal/instrumentation.rb:87:in `cleanup_view_runtime'
  activerecord (4.2.3) lib/active_record/railties/controller_runtime.rb:25:in `cleanup_view_runtime'
  actionpack (4.2.3) lib/action_controller/metal/instrumentation.rb:43:in `render'
  actionpack (4.2.3) lib/action_controller/metal/implicit_render.rb:10:in `default_render'
  actionpack (4.2.3) lib/action_controller/metal/implicit_render.rb:5:in `send_action'
  actionpack (4.2.3) lib/abstract_controller/base.rb:198:in `process_action'
  actionpack (4.2.3) lib/action_controller/metal/rendering.rb:10:in `process_action'
  actionpack (4.2.3) lib/abstract_controller/callbacks.rb:20:in `block in process_action'
  activesupport (4.2.3) lib/active_support/callbacks.rb:115:in `call'
  activesupport (4.2.3) lib/active_support/callbacks.rb:115:in `call'
  activesupport (4.2.3) lib/active_support/callbacks.rb:553:in `block (2 levels) in compile'
  activesupport (4.2.3) lib/active_support/callbacks.rb:503:in `call'
  activesupport (4.2.3) lib/active_support/callbacks.rb:503:in `call'
  activesupport (4.2.3) lib/active_support/callbacks.rb:88:in `run_callbacks'
  actionpack (4.2.3) lib/abstract_controller/callbacks.rb:19:in `process_action'
  actionpack (4.2.3) lib/action_controller/metal/rescue.rb:29:in `process_action'
  actionpack (4.2.3) lib/action_controller/metal/instrumentation.rb:32:in `block in process_action'
  activesupport (4.2.3) lib/active_support/notifications.rb:164:in `block in instrument'
  activesupport (4.2.3) lib/active_support/notifications/instrumenter.rb:20:in `instrument'
  activesupport (4.2.3) lib/active_support/notifications.rb:164:in `instrument'
  actionpack (4.2.3) lib/action_controller/metal/instrumentation.rb:30:in `process_action'
  actionpack (4.2.3) lib/action_controller/metal/params_wrapper.rb:250:in `process_action'
  activerecord (4.2.3) lib/active_record/railties/controller_runtime.rb:18:in `process_action'
  actionpack (4.2.3) lib/abstract_controller/base.rb:137:in `process'
  actionview (4.2.3) lib/action_view/rendering.rb:30:in `process'
  actionpack (4.2.3) lib/action_controller/metal.rb:196:in `dispatch'
  actionpack (4.2.3) lib/action_controller/metal/rack_delegation.rb:13:in `dispatch'
  actionpack (4.2.3) lib/action_controller/metal.rb:237:in `block in action'
  actionpack (4.2.3) lib/action_dispatch/routing/route_set.rb:76:in `call'
  actionpack (4.2.3) lib/action_dispatch/routing/route_set.rb:76:in `dispatch'
  actionpack (4.2.3) lib/action_dispatch/routing/route_set.rb:45:in `serve'
  actionpack (4.2.3) lib/action_dispatch/journey/router.rb:43:in `block in serve'
  actionpack (4.2.3) lib/action_dispatch/journey/router.rb:30:in `each'
  actionpack (4.2.3) lib/action_dispatch/journey/router.rb:30:in `serve'
  actionpack (4.2.3) lib/action_dispatch/routing/route_set.rb:821:in `call'
  rack (1.6.4) lib/rack/etag.rb:24:in `call'
  rack (1.6.4) lib/rack/conditionalget.rb:25:in `call'
  rack (1.6.4) lib/rack/head.rb:13:in `call'
  actionpack (4.2.3) lib/action_dispatch/middleware/params_parser.rb:27:in `call'
  actionpack (4.2.3) lib/action_dispatch/middleware/flash.rb:260:in `call'
  rack (1.6.4) lib/rack/session/abstract/id.rb:225:in `context'
  rack (1.6.4) lib/rack/session/abstract/id.rb:220:in `call'
  actionpack (4.2.3) lib/action_dispatch/middleware/cookies.rb:560:in `call'
  activerecord (4.2.3) lib/active_record/query_cache.rb:36:in `call'
  activerecord (4.2.3) lib/active_record/connection_adapters/abstract/connection_pool.rb:653:in `call'
  activerecord (4.2.3) lib/active_record/migration.rb:377:in `call'
  actionpack (4.2.3) lib/action_dispatch/middleware/callbacks.rb:29:in `block in call'
  activesupport (4.2.3) lib/active_support/callbacks.rb:84:in `run_callbacks'
  actionpack (4.2.3) lib/action_dispatch/middleware/callbacks.rb:27:in `call'
  actionpack (4.2.3) lib/action_dispatch/middleware/reloader.rb:73:in `call'
  actionpack (4.2.3) lib/action_dispatch/middleware/remote_ip.rb:78:in `call'
  actionpack (4.2.3) lib/action_dispatch/middleware/debug_exceptions.rb:17:in `call'
  web-console (2.2.1) lib/web_console/middleware.rb:39:in `call'
  actionpack (4.2.3) lib/action_dispatch/middleware/show_exceptions.rb:30:in `call'
  railties (4.2.3) lib/rails/rack/logger.rb:38:in `call_app'
  railties (4.2.3) lib/rails/rack/logger.rb:20:in `block in call'
  activesupport (4.2.3) lib/active_support/tagged_logging.rb:68:in `block in tagged'
  activesupport (4.2.3) lib/active_support/tagged_logging.rb:26:in `tagged'
  activesupport (4.2.3) lib/active_support/tagged_logging.rb:68:in `tagged'
  railties (4.2.3) lib/rails/rack/logger.rb:20:in `call'
  actionpack (4.2.3) lib/action_dispatch/middleware/request_id.rb:21:in `call'
  rack (1.6.4) lib/rack/methodoverride.rb:22:in `call'
  rack (1.6.4) lib/rack/runtime.rb:18:in `call'
  activesupport (4.2.3) lib/active_support/cache/strategy/local_cache_middleware.rb:28:in `call'
  rack (1.6.4) lib/rack/lock.rb:17:in `call'
  actionpack (4.2.3) lib/action_dispatch/middleware/static.rb:116:in `call'
  rack (1.6.4) lib/rack/sendfile.rb:113:in `call'
  railties (4.2.3) lib/rails/engine.rb:518:in `call'
  railties (4.2.3) lib/rails/application.rb:165:in `call'
  rack (1.6.4) lib/rack/lock.rb:17:in `call'
  rack (1.6.4) lib/rack/content_length.rb:15:in `call'
  rack (1.6.4) lib/rack/handler/webrick.rb:88:in `service'
  /Users/SpencerPro/.rbenv/versions/2.0.0-p645/lib/ruby/2.0.0/webrick/httpserver.rb:138:in `service'
  /Users/SpencerPro/.rbenv/versions/2.0.0-p645/lib/ruby/2.0.0/webrick/httpserver.rb:94:in `run'
  /Users/SpencerPro/.rbenv/versions/2.0.0-p645/lib/ruby/2.0.0/webrick/server.rb:295:in `block in start_thread'


  Rendered /Users/SpencerPro/.rbenv/versions/2.0.0-p645/lib/ruby/gems/2.0.0/gems/actionpack-4.2.3/lib/action_dispatch/middleware/templates/rescues/_source.erb (4.6ms)
  Rendered /Users/SpencerPro/.rbenv/versions/2.0.0-p645/lib/ruby/gems/2.0.0/gems/actionpack-4.2.3/lib/action_dispatch/middleware/templates/rescues/_trace.html.erb (2.2ms)
  Rendered /Users/SpencerPro/.rbenv/versions/2.0.0-p645/lib/ruby/gems/2.0.0/gems/actionpack-4.2.3/lib/action_dispatch/middleware/templates/rescues/_request_and_response.html.erb (2.3ms)
  Rendered /Users/SpencerPro/.rbenv/versions/2.0.0-p645/lib/ruby/gems/2.0.0/gems/actionpack-4.2.3/lib/action_dispatch/middleware/templates/rescues/missing_template.html.erb within rescues/layout (68.2ms)
  Rendered /Users/SpencerPro/.rbenv/versions/2.0.0-p645/lib/ruby/gems/2.0.0/gems/web-console-2.2.1/lib/web_console/templates/_markup.html.erb (0.3ms)
  Rendered /Users/SpencerPro/.rbenv/versions/2.0.0-p645/lib/ruby/gems/2.0.0/gems/web-console-2.2.1/lib/web_console/templates/_inner_console_markup.html.erb within layouts/inlined_string (0.4ms)
  Rendered /Users/SpencerPro/.rbenv/versions/2.0.0-p645/lib/ruby/gems/2.0.0/gems/web-console-2.2.1/lib/web_console/templates/_prompt_box_markup.html.erb within layouts/inlined_string (0.3ms)
  Rendered /Users/SpencerPro/.rbenv/versions/2.0.0-p645/lib/ruby/gems/2.0.0/gems/web-console-2.2.1/lib/web_console/templates/style.css.erb within layouts/inlined_string (0.5ms)
  Rendered /Users/SpencerPro/.rbenv/versions/2.0.0-p645/lib/ruby/gems/2.0.0/gems/web-console-2.2.1/lib/web_console/templates/console.js.erb within layouts/javascript (18.5ms)
  Rendered /Users/SpencerPro/.rbenv/versions/2.0.0-p645/lib/ruby/gems/2.0.0/gems/web-console-2.2.1/lib/web_console/templates/main.js.erb within layouts/javascript (0.4ms)
  Rendered /Users/SpencerPro/.rbenv/versions/2.0.0-p645/lib/ruby/gems/2.0.0/gems/web-console-2.2.1/lib/web_console/templates/error_page.js.erb within layouts/javascript (0.4ms)
  Rendered /Users/SpencerPro/.rbenv/versions/2.0.0-p645/lib/ruby/gems/2.0.0/gems/web-console-2.2.1/lib/web_console/templates/index.html.erb (36.7ms)


Started GET "/companies/600" for ::1 at 2015-10-12 01:55:09 -0500
Processing by CompaniesController#show as HTML
  Parameters: {"id"=>"600"}
  [1m[35mCompany Load (0.8ms)[0m  SELECT  "companies".* FROM "companies" WHERE "companies"."id" = $1 LIMIT 1  [["id", 600]]
Completed 500 Internal Server Error in 81ms (ActiveRecord: 0.8ms)

ActionView::MissingTemplate (Missing template companies/show, application/show with {:locale=>[:en], :formats=>[:html], :variants=>[], :handlers=>[:erb, :builder, :raw, :ruby, :coffee, :jbuilder]}. Searched in:
  * "/Users/SpencerPro/Desktop/dough/dough/app/views"
):
  actionview (4.2.3) lib/action_view/path_set.rb:46:in `find'
  actionview (4.2.3) lib/action_view/lookup_context.rb:121:in `find'
  actionview (4.2.3) lib/action_view/renderer/abstract_renderer.rb:18:in `find_template'
  actionview (4.2.3) lib/action_view/renderer/template_renderer.rb:40:in `determine_template'
  actionview (4.2.3) lib/action_view/renderer/template_renderer.rb:8:in `render'
  actionview (4.2.3) lib/action_view/renderer/renderer.rb:42:in `render_template'
  actionview (4.2.3) lib/action_view/renderer/renderer.rb:23:in `render'
  actionview (4.2.3) lib/action_view/rendering.rb:100:in `_render_template'
  actionpack (4.2.3) lib/action_controller/metal/streaming.rb:217:in `_render_template'
  actionview (4.2.3) lib/action_view/rendering.rb:83:in `render_to_body'
  actionpack (4.2.3) lib/action_controller/metal/rendering.rb:32:in `render_to_body'
  actionpack (4.2.3) lib/action_controller/metal/renderers.rb:37:in `render_to_body'
  actionpack (4.2.3) lib/abstract_controller/rendering.rb:25:in `render'
  actionpack (4.2.3) lib/action_controller/metal/rendering.rb:16:in `render'
  actionpack (4.2.3) lib/action_controller/metal/instrumentation.rb:44:in `block (2 levels) in render'
  activesupport (4.2.3) lib/active_support/core_ext/benchmark.rb:12:in `block in ms'
  /Users/SpencerPro/.rbenv/versions/2.0.0-p645/lib/ruby/2.0.0/benchmark.rb:296:in `realtime'
  activesupport (4.2.3) lib/active_support/core_ext/benchmark.rb:12:in `ms'
  actionpack (4.2.3) lib/action_controller/metal/instrumentation.rb:44:in `block in render'
  actionpack (4.2.3) lib/action_controller/metal/instrumentation.rb:87:in `cleanup_view_runtime'
  activerecord (4.2.3) lib/active_record/railties/controller_runtime.rb:25:in `cleanup_view_runtime'
  actionpack (4.2.3) lib/action_controller/metal/instrumentation.rb:43:in `render'
  actionpack (4.2.3) lib/action_controller/metal/implicit_render.rb:10:in `default_render'
  actionpack (4.2.3) lib/action_controller/metal/implicit_render.rb:5:in `send_action'
  actionpack (4.2.3) lib/abstract_controller/base.rb:198:in `process_action'
  actionpack (4.2.3) lib/action_controller/metal/rendering.rb:10:in `process_action'
  actionpack (4.2.3) lib/abstract_controller/callbacks.rb:20:in `block in process_action'
  activesupport (4.2.3) lib/active_support/callbacks.rb:115:in `call'
  activesupport (4.2.3) lib/active_support/callbacks.rb:115:in `call'
  activesupport (4.2.3) lib/active_support/callbacks.rb:553:in `block (2 levels) in compile'
  activesupport (4.2.3) lib/active_support/callbacks.rb:503:in `call'
  activesupport (4.2.3) lib/active_support/callbacks.rb:503:in `call'
  activesupport (4.2.3) lib/active_support/callbacks.rb:88:in `run_callbacks'
  actionpack (4.2.3) lib/abstract_controller/callbacks.rb:19:in `process_action'
  actionpack (4.2.3) lib/action_controller/metal/rescue.rb:29:in `process_action'
  actionpack (4.2.3) lib/action_controller/metal/instrumentation.rb:32:in `block in process_action'
  activesupport (4.2.3) lib/active_support/notifications.rb:164:in `block in instrument'
  activesupport (4.2.3) lib/active_support/notifications/instrumenter.rb:20:in `instrument'
  activesupport (4.2.3) lib/active_support/notifications.rb:164:in `instrument'
  actionpack (4.2.3) lib/action_controller/metal/instrumentation.rb:30:in `process_action'
  actionpack (4.2.3) lib/action_controller/metal/params_wrapper.rb:250:in `process_action'
  activerecord (4.2.3) lib/active_record/railties/controller_runtime.rb:18:in `process_action'
  actionpack (4.2.3) lib/abstract_controller/base.rb:137:in `process'
  actionview (4.2.3) lib/action_view/rendering.rb:30:in `process'
  actionpack (4.2.3) lib/action_controller/metal.rb:196:in `dispatch'
  actionpack (4.2.3) lib/action_controller/metal/rack_delegation.rb:13:in `dispatch'
  actionpack (4.2.3) lib/action_controller/metal.rb:237:in `block in action'
  actionpack (4.2.3) lib/action_dispatch/routing/route_set.rb:76:in `call'
  actionpack (4.2.3) lib/action_dispatch/routing/route_set.rb:76:in `dispatch'
  actionpack (4.2.3) lib/action_dispatch/routing/route_set.rb:45:in `serve'
  actionpack (4.2.3) lib/action_dispatch/journey/router.rb:43:in `block in serve'
  actionpack (4.2.3) lib/action_dispatch/journey/router.rb:30:in `each'
  actionpack (4.2.3) lib/action_dispatch/journey/router.rb:30:in `serve'
  actionpack (4.2.3) lib/action_dispatch/routing/route_set.rb:821:in `call'
  rack (1.6.4) lib/rack/etag.rb:24:in `call'
  rack (1.6.4) lib/rack/conditionalget.rb:25:in `call'
  rack (1.6.4) lib/rack/head.rb:13:in `call'
  actionpack (4.2.3) lib/action_dispatch/middleware/params_parser.rb:27:in `call'
  actionpack (4.2.3) lib/action_dispatch/middleware/flash.rb:260:in `call'
  rack (1.6.4) lib/rack/session/abstract/id.rb:225:in `context'
  rack (1.6.4) lib/rack/session/abstract/id.rb:220:in `call'
  actionpack (4.2.3) lib/action_dispatch/middleware/cookies.rb:560:in `call'
  activerecord (4.2.3) lib/active_record/query_cache.rb:36:in `call'
  activerecord (4.2.3) lib/active_record/connection_adapters/abstract/connection_pool.rb:653:in `call'
  activerecord (4.2.3) lib/active_record/migration.rb:377:in `call'
  actionpack (4.2.3) lib/action_dispatch/middleware/callbacks.rb:29:in `block in call'
  activesupport (4.2.3) lib/active_support/callbacks.rb:84:in `run_callbacks'
  actionpack (4.2.3) lib/action_dispatch/middleware/callbacks.rb:27:in `call'
  actionpack (4.2.3) lib/action_dispatch/middleware/reloader.rb:73:in `call'
  actionpack (4.2.3) lib/action_dispatch/middleware/remote_ip.rb:78:in `call'
  actionpack (4.2.3) lib/action_dispatch/middleware/debug_exceptions.rb:17:in `call'
  web-console (2.2.1) lib/web_console/middleware.rb:39:in `call'
  actionpack (4.2.3) lib/action_dispatch/middleware/show_exceptions.rb:30:in `call'
  railties (4.2.3) lib/rails/rack/logger.rb:38:in `call_app'
  railties (4.2.3) lib/rails/rack/logger.rb:20:in `block in call'
  activesupport (4.2.3) lib/active_support/tagged_logging.rb:68:in `block in tagged'
  activesupport (4.2.3) lib/active_support/tagged_logging.rb:26:in `tagged'
  activesupport (4.2.3) lib/active_support/tagged_logging.rb:68:in `tagged'
  railties (4.2.3) lib/rails/rack/logger.rb:20:in `call'
  actionpack (4.2.3) lib/action_dispatch/middleware/request_id.rb:21:in `call'
  rack (1.6.4) lib/rack/methodoverride.rb:22:in `call'
  rack (1.6.4) lib/rack/runtime.rb:18:in `call'
  activesupport (4.2.3) lib/active_support/cache/strategy/local_cache_middleware.rb:28:in `call'
  rack (1.6.4) lib/rack/lock.rb:17:in `call'
  actionpack (4.2.3) lib/action_dispatch/middleware/static.rb:116:in `call'
  rack (1.6.4) lib/rack/sendfile.rb:113:in `call'
  railties (4.2.3) lib/rails/engine.rb:518:in `call'
  railties (4.2.3) lib/rails/application.rb:165:in `call'
  rack (1.6.4) lib/rack/lock.rb:17:in `call'
  rack (1.6.4) lib/rack/content_length.rb:15:in `call'
  rack (1.6.4) lib/rack/handler/webrick.rb:88:in `service'
  /Users/SpencerPro/.rbenv/versions/2.0.0-p645/lib/ruby/2.0.0/webrick/httpserver.rb:138:in `service'
  /Users/SpencerPro/.rbenv/versions/2.0.0-p645/lib/ruby/2.0.0/webrick/httpserver.rb:94:in `run'
  /Users/SpencerPro/.rbenv/versions/2.0.0-p645/lib/ruby/2.0.0/webrick/server.rb:295:in `block in start_thread'


  Rendered /Users/SpencerPro/.rbenv/versions/2.0.0-p645/lib/ruby/gems/2.0.0/gems/actionpack-4.2.3/lib/action_dispatch/middleware/templates/rescues/_source.erb (4.1ms)
  Rendered /Users/SpencerPro/.rbenv/versions/2.0.0-p645/lib/ruby/gems/2.0.0/gems/actionpack-4.2.3/lib/action_dispatch/middleware/templates/rescues/_trace.html.erb (46.0ms)
  Rendered /Users/SpencerPro/.rbenv/versions/2.0.0-p645/lib/ruby/gems/2.0.0/gems/actionpack-4.2.3/lib/action_dispatch/middleware/templates/rescues/_request_and_response.html.erb (0.8ms)
  Rendered /Users/SpencerPro/.rbenv/versions/2.0.0-p645/lib/ruby/gems/2.0.0/gems/actionpack-4.2.3/lib/action_dispatch/middleware/templates/rescues/missing_template.html.erb within rescues/layout (62.3ms)
  Rendered /Users/SpencerPro/.rbenv/versions/2.0.0-p645/lib/ruby/gems/2.0.0/gems/web-console-2.2.1/lib/web_console/templates/_markup.html.erb (0.5ms)
  Rendered /Users/SpencerPro/.rbenv/versions/2.0.0-p645/lib/ruby/gems/2.0.0/gems/web-console-2.2.1/lib/web_console/templates/_inner_console_markup.html.erb within layouts/inlined_string (0.3ms)
  Rendered /Users/SpencerPro/.rbenv/versions/2.0.0-p645/lib/ruby/gems/2.0.0/gems/web-console-2.2.1/lib/web_console/templates/_prompt_box_markup.html.erb within layouts/inlined_string (0.2ms)
  Rendered /Users/SpencerPro/.rbenv/versions/2.0.0-p645/lib/ruby/gems/2.0.0/gems/web-console-2.2.1/lib/web_console/templates/style.css.erb within layouts/inlined_string (0.3ms)
  Rendered /Users/SpencerPro/.rbenv/versions/2.0.0-p645/lib/ruby/gems/2.0.0/gems/web-console-2.2.1/lib/web_console/templates/console.js.erb within layouts/javascript (14.4ms)
  Rendered /Users/SpencerPro/.rbenv/versions/2.0.0-p645/lib/ruby/gems/2.0.0/gems/web-console-2.2.1/lib/web_console/templates/main.js.erb within layouts/javascript (0.3ms)
  Rendered /Users/SpencerPro/.rbenv/versions/2.0.0-p645/lib/ruby/gems/2.0.0/gems/web-console-2.2.1/lib/web_console/templates/error_page.js.erb within layouts/javascript (0.3ms)
  Rendered /Users/SpencerPro/.rbenv/versions/2.0.0-p645/lib/ruby/gems/2.0.0/gems/web-console-2.2.1/lib/web_console/templates/index.html.erb (32.3ms)


Started GET "/companies" for ::1 at 2015-10-12 01:55:22 -0500
Processing by CompaniesController#index as HTML
  [1m[36mCompany Load (13.2ms)[0m  [1mSELECT "companies".* FROM "companies"[0m
  Rendered companies/index.html.erb within layouts/application (42.4ms)
Completed 500 Internal Server Error in 125ms (ActiveRecord: 13.2ms)

ActionView::Template::Error (undefined method `count' for nil:NilClass):
    2:   <div class="content">
    3:     <div class="row">
    4:       <div class="search-form">
    5:         <% if @results.count > 0 %>
    6:           <table class="table">
    7:             <thead>
    8:               <tr>
  app/views/companies/index.html.erb:5:in `_app_views_companies_index_html_erb__1823974971727123413_70270722865980'


  Rendered /Users/SpencerPro/.rbenv/versions/2.0.0-p645/lib/ruby/gems/2.0.0/gems/actionpack-4.2.3/lib/action_dispatch/middleware/templates/rescues/_source.erb (4.7ms)
  Rendered /Users/SpencerPro/.rbenv/versions/2.0.0-p645/lib/ruby/gems/2.0.0/gems/actionpack-4.2.3/lib/action_dispatch/middleware/templates/rescues/_trace.html.erb (2.6ms)
  Rendered /Users/SpencerPro/.rbenv/versions/2.0.0-p645/lib/ruby/gems/2.0.0/gems/actionpack-4.2.3/lib/action_dispatch/middleware/templates/rescues/_request_and_response.html.erb (0.7ms)
  Rendered /Users/SpencerPro/.rbenv/versions/2.0.0-p645/lib/ruby/gems/2.0.0/gems/actionpack-4.2.3/lib/action_dispatch/middleware/templates/rescues/template_error.html.erb within rescues/layout (19.0ms)
  Rendered /Users/SpencerPro/.rbenv/versions/2.0.0-p645/lib/ruby/gems/2.0.0/gems/web-console-2.2.1/lib/web_console/templates/_markup.html.erb (0.3ms)
  Rendered /Users/SpencerPro/.rbenv/versions/2.0.0-p645/lib/ruby/gems/2.0.0/gems/web-console-2.2.1/lib/web_console/templates/_inner_console_markup.html.erb within layouts/inlined_string (0.3ms)
  Rendered /Users/SpencerPro/.rbenv/versions/2.0.0-p645/lib/ruby/gems/2.0.0/gems/web-console-2.2.1/lib/web_console/templates/_prompt_box_markup.html.erb within layouts/inlined_string (0.3ms)
  Rendered /Users/SpencerPro/.rbenv/versions/2.0.0-p645/lib/ruby/gems/2.0.0/gems/web-console-2.2.1/lib/web_console/templates/style.css.erb within layouts/inlined_string (0.4ms)
  Rendered /Users/SpencerPro/.rbenv/versions/2.0.0-p645/lib/ruby/gems/2.0.0/gems/web-console-2.2.1/lib/web_console/templates/console.js.erb within layouts/javascript (14.8ms)
  Rendered /Users/SpencerPro/.rbenv/versions/2.0.0-p645/lib/ruby/gems/2.0.0/gems/web-console-2.2.1/lib/web_console/templates/main.js.erb within layouts/javascript (0.5ms)
  Rendered /Users/SpencerPro/.rbenv/versions/2.0.0-p645/lib/ruby/gems/2.0.0/gems/web-console-2.2.1/lib/web_console/templates/error_page.js.erb within layouts/javascript (0.4ms)
  Rendered /Users/SpencerPro/.rbenv/versions/2.0.0-p645/lib/ruby/gems/2.0.0/gems/web-console-2.2.1/lib/web_console/templates/index.html.erb (32.9ms)


Started GET "/" for ::1 at 2015-10-12 01:55:28 -0500
Processing by CompaniesController#form as HTML
  Rendered companies/form.html.erb within layouts/application (0.9ms)
Completed 200 OK in 306ms (Views: 304.6ms | ActiveRecord: 0.0ms)


Started GET "/assets/application.self-e80e8f2318043e8af94dddc2adad5a4f09739a8ebb323b3ab31cd71d45fd9113.css?body=1" for ::1 at 2015-10-12 01:55:28 -0500


Started GET "/assets/style.self-f9fd1a1722b5579e0093f88400300f74b981ae0ff90c0b1c123c5090e1a4337e.css?body=1" for ::1 at 2015-10-12 01:55:28 -0500


Started GET "/assets/jquery_ujs.self-d456baa54c1fa6be2ec3711f0a72ddf7a5b2f34a6b4f515f33767d6207b7d4b3.js?body=1" for ::1 at 2015-10-12 01:55:28 -0500


Started GET "/assets/turbolinks.self-c37727e9bd6b2735da5c311aa83fead54ed0be6cc8bd9a65309e9c5abe2cbfff.js?body=1" for ::1 at 2015-10-12 01:55:28 -0500


Started GET "/assets/jquery.self-a714331225dda820228db323939889f149aec0127aeb06255646b616ba1ca419.js?body=1" for ::1 at 2015-10-12 01:55:28 -0500


Started GET "/assets/application.self-3b8dabdc891efe46b9a144b400ad69e37d7e5876bdc39dee783419a69d7ca819.js?body=1" for ::1 at 2015-10-12 01:55:28 -0500


Started POST "/companies" for ::1 at 2015-10-12 01:55:30 -0500
Processing by CompaniesController#search as HTML
  Parameters: {"utf8"=>"✓", "authenticity_token"=>"7fFMJsRzAypjh1zwKW+1h4QLqyBr2OhQG6rxjKlzJxZi4GN28xl+kDlscBeyzDPxTrigXJDiO0RcCdmsuUYsFQ==", "query"=>"app"}
  [1m[35mCompany Load (3.0ms)[0m  SELECT "companies".* FROM "companies" WHERE (LOWER(symbol) LIKE '%app%')
  [1m[36mCompany Load (4.3ms)[0m  [1mSELECT "companies".* FROM "companies" WHERE (LOWER(name) LIKE '%app%')[0m
  Rendered companies/index.html.erb within layouts/application (5.0ms)
Completed 200 OK in 38ms (Views: 27.2ms | ActiveRecord: 7.3ms)


Started GET "/companies/600" for ::1 at 2015-10-12 01:55:32 -0500
Processing by CompaniesController#show as HTML
  Parameters: {"id"=>"600"}
  [1m[35mCompany Load (0.3ms)[0m  SELECT  "companies".* FROM "companies" WHERE "companies"."id" = $1 LIMIT 1  [["id", 600]]
Completed 500 Internal Server Error in 81ms (ActiveRecord: 0.3ms)

ActionView::MissingTemplate (Missing template companies/show, application/show with {:locale=>[:en], :formats=>[:html], :variants=>[], :handlers=>[:erb, :builder, :raw, :ruby, :coffee, :jbuilder]}. Searched in:
  * "/Users/SpencerPro/Desktop/dough/dough/app/views"
):
  actionview (4.2.3) lib/action_view/path_set.rb:46:in `find'
  actionview (4.2.3) lib/action_view/lookup_context.rb:121:in `find'
  actionview (4.2.3) lib/action_view/renderer/abstract_renderer.rb:18:in `find_template'
  actionview (4.2.3) lib/action_view/renderer/template_renderer.rb:40:in `determine_template'
  actionview (4.2.3) lib/action_view/renderer/template_renderer.rb:8:in `render'
  actionview (4.2.3) lib/action_view/renderer/renderer.rb:42:in `render_template'
  actionview (4.2.3) lib/action_view/renderer/renderer.rb:23:in `render'
  actionview (4.2.3) lib/action_view/rendering.rb:100:in `_render_template'
  actionpack (4.2.3) lib/action_controller/metal/streaming.rb:217:in `_render_template'
  actionview (4.2.3) lib/action_view/rendering.rb:83:in `render_to_body'
  actionpack (4.2.3) lib/action_controller/metal/rendering.rb:32:in `render_to_body'
  actionpack (4.2.3) lib/action_controller/metal/renderers.rb:37:in `render_to_body'
  actionpack (4.2.3) lib/abstract_controller/rendering.rb:25:in `render'
  actionpack (4.2.3) lib/action_controller/metal/rendering.rb:16:in `render'
  actionpack (4.2.3) lib/action_controller/metal/instrumentation.rb:44:in `block (2 levels) in render'
  activesupport (4.2.3) lib/active_support/core_ext/benchmark.rb:12:in `block in ms'
  /Users/SpencerPro/.rbenv/versions/2.0.0-p645/lib/ruby/2.0.0/benchmark.rb:296:in `realtime'
  activesupport (4.2.3) lib/active_support/core_ext/benchmark.rb:12:in `ms'
  actionpack (4.2.3) lib/action_controller/metal/instrumentation.rb:44:in `block in render'
  actionpack (4.2.3) lib/action_controller/metal/instrumentation.rb:87:in `cleanup_view_runtime'
  activerecord (4.2.3) lib/active_record/railties/controller_runtime.rb:25:in `cleanup_view_runtime'
  actionpack (4.2.3) lib/action_controller/metal/instrumentation.rb:43:in `render'
  actionpack (4.2.3) lib/action_controller/metal/implicit_render.rb:10:in `default_render'
  actionpack (4.2.3) lib/action_controller/metal/implicit_render.rb:5:in `send_action'
  actionpack (4.2.3) lib/abstract_controller/base.rb:198:in `process_action'
  actionpack (4.2.3) lib/action_controller/metal/rendering.rb:10:in `process_action'
  actionpack (4.2.3) lib/abstract_controller/callbacks.rb:20:in `block in process_action'
  activesupport (4.2.3) lib/active_support/callbacks.rb:115:in `call'
  activesupport (4.2.3) lib/active_support/callbacks.rb:115:in `call'
  activesupport (4.2.3) lib/active_support/callbacks.rb:553:in `block (2 levels) in compile'
  activesupport (4.2.3) lib/active_support/callbacks.rb:503:in `call'
  activesupport (4.2.3) lib/active_support/callbacks.rb:503:in `call'
  activesupport (4.2.3) lib/active_support/callbacks.rb:88:in `run_callbacks'
  actionpack (4.2.3) lib/abstract_controller/callbacks.rb:19:in `process_action'
  actionpack (4.2.3) lib/action_controller/metal/rescue.rb:29:in `process_action'
  actionpack (4.2.3) lib/action_controller/metal/instrumentation.rb:32:in `block in process_action'
  activesupport (4.2.3) lib/active_support/notifications.rb:164:in `block in instrument'
  activesupport (4.2.3) lib/active_support/notifications/instrumenter.rb:20:in `instrument'
  activesupport (4.2.3) lib/active_support/notifications.rb:164:in `instrument'
  actionpack (4.2.3) lib/action_controller/metal/instrumentation.rb:30:in `process_action'
  actionpack (4.2.3) lib/action_controller/metal/params_wrapper.rb:250:in `process_action'
  activerecord (4.2.3) lib/active_record/railties/controller_runtime.rb:18:in `process_action'
  actionpack (4.2.3) lib/abstract_controller/base.rb:137:in `process'
  actionview (4.2.3) lib/action_view/rendering.rb:30:in `process'
  actionpack (4.2.3) lib/action_controller/metal.rb:196:in `dispatch'
  actionpack (4.2.3) lib/action_controller/metal/rack_delegation.rb:13:in `dispatch'
  actionpack (4.2.3) lib/action_controller/metal.rb:237:in `block in action'
  actionpack (4.2.3) lib/action_dispatch/routing/route_set.rb:76:in `call'
  actionpack (4.2.3) lib/action_dispatch/routing/route_set.rb:76:in `dispatch'
  actionpack (4.2.3) lib/action_dispatch/routing/route_set.rb:45:in `serve'
  actionpack (4.2.3) lib/action_dispatch/journey/router.rb:43:in `block in serve'
  actionpack (4.2.3) lib/action_dispatch/journey/router.rb:30:in `each'
  actionpack (4.2.3) lib/action_dispatch/journey/router.rb:30:in `serve'
  actionpack (4.2.3) lib/action_dispatch/routing/route_set.rb:821:in `call'
  rack (1.6.4) lib/rack/etag.rb:24:in `call'
  rack (1.6.4) lib/rack/conditionalget.rb:25:in `call'
  rack (1.6.4) lib/rack/head.rb:13:in `call'
  actionpack (4.2.3) lib/action_dispatch/middleware/params_parser.rb:27:in `call'
  actionpack (4.2.3) lib/action_dispatch/middleware/flash.rb:260:in `call'
  rack (1.6.4) lib/rack/session/abstract/id.rb:225:in `context'
  rack (1.6.4) lib/rack/session/abstract/id.rb:220:in `call'
  actionpack (4.2.3) lib/action_dispatch/middleware/cookies.rb:560:in `call'
  activerecord (4.2.3) lib/active_record/query_cache.rb:36:in `call'
  activerecord (4.2.3) lib/active_record/connection_adapters/abstract/connection_pool.rb:653:in `call'
  activerecord (4.2.3) lib/active_record/migration.rb:377:in `call'
  actionpack (4.2.3) lib/action_dispatch/middleware/callbacks.rb:29:in `block in call'
  activesupport (4.2.3) lib/active_support/callbacks.rb:84:in `run_callbacks'
  actionpack (4.2.3) lib/action_dispatch/middleware/callbacks.rb:27:in `call'
  actionpack (4.2.3) lib/action_dispatch/middleware/reloader.rb:73:in `call'
  actionpack (4.2.3) lib/action_dispatch/middleware/remote_ip.rb:78:in `call'
  actionpack (4.2.3) lib/action_dispatch/middleware/debug_exceptions.rb:17:in `call'
  web-console (2.2.1) lib/web_console/middleware.rb:39:in `call'
  actionpack (4.2.3) lib/action_dispatch/middleware/show_exceptions.rb:30:in `call'
  railties (4.2.3) lib/rails/rack/logger.rb:38:in `call_app'
  railties (4.2.3) lib/rails/rack/logger.rb:20:in `block in call'
  activesupport (4.2.3) lib/active_support/tagged_logging.rb:68:in `block in tagged'
  activesupport (4.2.3) lib/active_support/tagged_logging.rb:26:in `tagged'
  activesupport (4.2.3) lib/active_support/tagged_logging.rb:68:in `tagged'
  railties (4.2.3) lib/rails/rack/logger.rb:20:in `call'
  actionpack (4.2.3) lib/action_dispatch/middleware/request_id.rb:21:in `call'
  rack (1.6.4) lib/rack/methodoverride.rb:22:in `call'
  rack (1.6.4) lib/rack/runtime.rb:18:in `call'
  activesupport (4.2.3) lib/active_support/cache/strategy/local_cache_middleware.rb:28:in `call'
  rack (1.6.4) lib/rack/lock.rb:17:in `call'
  actionpack (4.2.3) lib/action_dispatch/middleware/static.rb:116:in `call'
  rack (1.6.4) lib/rack/sendfile.rb:113:in `call'
  railties (4.2.3) lib/rails/engine.rb:518:in `call'
  railties (4.2.3) lib/rails/application.rb:165:in `call'
  rack (1.6.4) lib/rack/lock.rb:17:in `call'
  rack (1.6.4) lib/rack/content_length.rb:15:in `call'
  rack (1.6.4) lib/rack/handler/webrick.rb:88:in `service'
  /Users/SpencerPro/.rbenv/versions/2.0.0-p645/lib/ruby/2.0.0/webrick/httpserver.rb:138:in `service'
  /Users/SpencerPro/.rbenv/versions/2.0.0-p645/lib/ruby/2.0.0/webrick/httpserver.rb:94:in `run'
  /Users/SpencerPro/.rbenv/versions/2.0.0-p645/lib/ruby/2.0.0/webrick/server.rb:295:in `block in start_thread'


  Rendered /Users/SpencerPro/.rbenv/versions/2.0.0-p645/lib/ruby/gems/2.0.0/gems/actionpack-4.2.3/lib/action_dispatch/middleware/templates/rescues/_source.erb (4.0ms)
  Rendered /Users/SpencerPro/.rbenv/versions/2.0.0-p645/lib/ruby/gems/2.0.0/gems/actionpack-4.2.3/lib/action_dispatch/middleware/templates/rescues/_trace.html.erb (2.0ms)
  Rendered /Users/SpencerPro/.rbenv/versions/2.0.0-p645/lib/ruby/gems/2.0.0/gems/actionpack-4.2.3/lib/action_dispatch/middleware/templates/rescues/_request_and_response.html.erb (0.8ms)
  Rendered /Users/SpencerPro/.rbenv/versions/2.0.0-p645/lib/ruby/gems/2.0.0/gems/actionpack-4.2.3/lib/action_dispatch/middleware/templates/rescues/missing_template.html.erb within rescues/layout (17.6ms)
  Rendered /Users/SpencerPro/.rbenv/versions/2.0.0-p645/lib/ruby/gems/2.0.0/gems/web-console-2.2.1/lib/web_console/templates/_markup.html.erb (0.2ms)
  Rendered /Users/SpencerPro/.rbenv/versions/2.0.0-p645/lib/ruby/gems/2.0.0/gems/web-console-2.2.1/lib/web_console/templates/_inner_console_markup.html.erb within layouts/inlined_string (0.3ms)
  Rendered /Users/SpencerPro/.rbenv/versions/2.0.0-p645/lib/ruby/gems/2.0.0/gems/web-console-2.2.1/lib/web_console/templates/_prompt_box_markup.html.erb within layouts/inlined_string (0.3ms)
  Rendered /Users/SpencerPro/.rbenv/versions/2.0.0-p645/lib/ruby/gems/2.0.0/gems/web-console-2.2.1/lib/web_console/templates/style.css.erb within layouts/inlined_string (0.4ms)
  Rendered /Users/SpencerPro/.rbenv/versions/2.0.0-p645/lib/ruby/gems/2.0.0/gems/web-console-2.2.1/lib/web_console/templates/console.js.erb within layouts/javascript (13.6ms)
  Rendered /Users/SpencerPro/.rbenv/versions/2.0.0-p645/lib/ruby/gems/2.0.0/gems/web-console-2.2.1/lib/web_console/templates/main.js.erb within layouts/javascript (0.3ms)
  Rendered /Users/SpencerPro/.rbenv/versions/2.0.0-p645/lib/ruby/gems/2.0.0/gems/web-console-2.2.1/lib/web_console/templates/error_page.js.erb within layouts/javascript (0.5ms)
  Rendered /Users/SpencerPro/.rbenv/versions/2.0.0-p645/lib/ruby/gems/2.0.0/gems/web-console-2.2.1/lib/web_console/templates/index.html.erb (32.1ms)


Started GET "/companies" for ::1 at 2015-10-12 01:57:04 -0500
Processing by CompaniesController#index as HTML
  [1m[36mCompany Load (12.0ms)[0m  [1mSELECT "companies".* FROM "companies"[0m
  Rendered companies/index.html.erb within layouts/application (1.2ms)
Completed 500 Internal Server Error in 138ms (ActiveRecord: 12.0ms)

ActionView::Template::Error (undefined method `count' for nil:NilClass):
    2:   <div class="content">
    3:     <div class="row">
    4:       <div class="search-form">
    5:         <% if @results.count > 0 %>
    6:           <table class="table">
    7:             <thead>
    8:               <tr>
  app/views/companies/index.html.erb:5:in `_app_views_companies_index_html_erb__1823974971727123413_70270722865980'


  Rendered /Users/SpencerPro/.rbenv/versions/2.0.0-p645/lib/ruby/gems/2.0.0/gems/actionpack-4.2.3/lib/action_dispatch/middleware/templates/rescues/_source.erb (5.0ms)
  Rendered /Users/SpencerPro/.rbenv/versions/2.0.0-p645/lib/ruby/gems/2.0.0/gems/actionpack-4.2.3/lib/action_dispatch/middleware/templates/rescues/_trace.html.erb (2.9ms)
  Rendered /Users/SpencerPro/.rbenv/versions/2.0.0-p645/lib/ruby/gems/2.0.0/gems/actionpack-4.2.3/lib/action_dispatch/middleware/templates/rescues/_request_and_response.html.erb (1.1ms)
  Rendered /Users/SpencerPro/.rbenv/versions/2.0.0-p645/lib/ruby/gems/2.0.0/gems/actionpack-4.2.3/lib/action_dispatch/middleware/templates/rescues/template_error.html.erb within rescues/layout (20.9ms)
  Rendered /Users/SpencerPro/.rbenv/versions/2.0.0-p645/lib/ruby/gems/2.0.0/gems/web-console-2.2.1/lib/web_console/templates/_markup.html.erb (0.6ms)
  Rendered /Users/SpencerPro/.rbenv/versions/2.0.0-p645/lib/ruby/gems/2.0.0/gems/web-console-2.2.1/lib/web_console/templates/_inner_console_markup.html.erb within layouts/inlined_string (0.3ms)
  Rendered /Users/SpencerPro/.rbenv/versions/2.0.0-p645/lib/ruby/gems/2.0.0/gems/web-console-2.2.1/lib/web_console/templates/_prompt_box_markup.html.erb within layouts/inlined_string (0.4ms)
  Rendered /Users/SpencerPro/.rbenv/versions/2.0.0-p645/lib/ruby/gems/2.0.0/gems/web-console-2.2.1/lib/web_console/templates/style.css.erb within layouts/inlined_string (0.4ms)
  Rendered /Users/SpencerPro/.rbenv/versions/2.0.0-p645/lib/ruby/gems/2.0.0/gems/web-console-2.2.1/lib/web_console/templates/console.js.erb within layouts/javascript (16.8ms)
  Rendered /Users/SpencerPro/.rbenv/versions/2.0.0-p645/lib/ruby/gems/2.0.0/gems/web-console-2.2.1/lib/web_console/templates/main.js.erb within layouts/javascript (0.3ms)
  Rendered /Users/SpencerPro/.rbenv/versions/2.0.0-p645/lib/ruby/gems/2.0.0/gems/web-console-2.2.1/lib/web_console/templates/error_page.js.erb within layouts/javascript (0.4ms)
  Rendered /Users/SpencerPro/.rbenv/versions/2.0.0-p645/lib/ruby/gems/2.0.0/gems/web-console-2.2.1/lib/web_console/templates/index.html.erb (37.7ms)


Started GET "/companies" for ::1 at 2015-10-12 01:57:06 -0500
Processing by CompaniesController#index as HTML
  [1m[35mCompany Load (15.1ms)[0m  SELECT "companies".* FROM "companies"
  Rendered companies/index.html.erb within layouts/application (1.2ms)
Completed 500 Internal Server Error in 139ms (ActiveRecord: 15.1ms)

ActionView::Template::Error (undefined method `count' for nil:NilClass):
    2:   <div class="content">
    3:     <div class="row">
    4:       <div class="search-form">
    5:         <% if @results.count > 0 %>
    6:           <table class="table">
    7:             <thead>
    8:               <tr>
  app/views/companies/index.html.erb:5:in `_app_views_companies_index_html_erb__1823974971727123413_70270722865980'


  Rendered /Users/SpencerPro/.rbenv/versions/2.0.0-p645/lib/ruby/gems/2.0.0/gems/actionpack-4.2.3/lib/action_dispatch/middleware/templates/rescues/_source.erb (4.9ms)
  Rendered /Users/SpencerPro/.rbenv/versions/2.0.0-p645/lib/ruby/gems/2.0.0/gems/actionpack-4.2.3/lib/action_dispatch/middleware/templates/rescues/_trace.html.erb (63.0ms)
  Rendered /Users/SpencerPro/.rbenv/versions/2.0.0-p645/lib/ruby/gems/2.0.0/gems/actionpack-4.2.3/lib/action_dispatch/middleware/templates/rescues/_request_and_response.html.erb (0.9ms)
  Rendered /Users/SpencerPro/.rbenv/versions/2.0.0-p645/lib/ruby/gems/2.0.0/gems/actionpack-4.2.3/lib/action_dispatch/middleware/templates/rescues/template_error.html.erb within rescues/layout (81.1ms)
  Rendered /Users/SpencerPro/.rbenv/versions/2.0.0-p645/lib/ruby/gems/2.0.0/gems/web-console-2.2.1/lib/web_console/templates/_markup.html.erb (0.3ms)
  Rendered /Users/SpencerPro/.rbenv/versions/2.0.0-p645/lib/ruby/gems/2.0.0/gems/web-console-2.2.1/lib/web_console/templates/_inner_console_markup.html.erb within layouts/inlined_string (0.4ms)
  Rendered /Users/SpencerPro/.rbenv/versions/2.0.0-p645/lib/ruby/gems/2.0.0/gems/web-console-2.2.1/lib/web_console/templates/_prompt_box_markup.html.erb within layouts/inlined_string (0.2ms)
  Rendered /Users/SpencerPro/.rbenv/versions/2.0.0-p645/lib/ruby/gems/2.0.0/gems/web-console-2.2.1/lib/web_console/templates/style.css.erb within layouts/inlined_string (0.3ms)
  Rendered /Users/SpencerPro/.rbenv/versions/2.0.0-p645/lib/ruby/gems/2.0.0/gems/web-console-2.2.1/lib/web_console/templates/console.js.erb within layouts/javascript (14.8ms)
  Rendered /Users/SpencerPro/.rbenv/versions/2.0.0-p645/lib/ruby/gems/2.0.0/gems/web-console-2.2.1/lib/web_console/templates/main.js.erb within layouts/javascript (0.3ms)
  Rendered /Users/SpencerPro/.rbenv/versions/2.0.0-p645/lib/ruby/gems/2.0.0/gems/web-console-2.2.1/lib/web_console/templates/error_page.js.erb within layouts/javascript (0.3ms)
  Rendered /Users/SpencerPro/.rbenv/versions/2.0.0-p645/lib/ruby/gems/2.0.0/gems/web-console-2.2.1/lib/web_console/templates/index.html.erb (30.9ms)


Started POST "/companies" for ::1 at 2015-10-12 01:57:09 -0500
Processing by CompaniesController#search as HTML
  Parameters: {"utf8"=>"✓", "authenticity_token"=>"7fFMJsRzAypjh1zwKW+1h4QLqyBr2OhQG6rxjKlzJxZi4GN28xl+kDlscBeyzDPxTrigXJDiO0RcCdmsuUYsFQ==", "query"=>"app"}
  [1m[36mCompany Load (4.1ms)[0m  [1mSELECT "companies".* FROM "companies" WHERE (LOWER(symbol) LIKE '%app%')[0m
  [1m[35mCompany Load (5.6ms)[0m  SELECT "companies".* FROM "companies" WHERE (LOWER(name) LIKE '%app%')
  Rendered companies/index.html.erb within layouts/application (4.8ms)
Completed 200 OK in 45ms (Views: 29.9ms | ActiveRecord: 9.7ms)


Started GET "/companies/600" for ::1 at 2015-10-12 01:57:11 -0500
Processing by CompaniesController#show as HTML
  Parameters: {"id"=>"600"}
  [1m[36mCompany Load (0.3ms)[0m  [1mSELECT  "companies".* FROM "companies" WHERE "companies"."id" = $1 LIMIT 1[0m  [["id", 600]]
  Rendered companies/show.html.erb within layouts/application (0.3ms)
Completed 200 OK in 81ms (Views: 18.9ms | ActiveRecord: 0.3ms)
